Determining if the pthread_create exist failed with the following output:
Change Dir: /media/hawk/work/cocos2d-x/projects/SampleGuide/linux-build/CMakeFiles/CMakeTmp

Run Build Command:"/usr/bin/make" "cmTC_b3ec1/fast"
/usr/bin/make -f CMakeFiles/cmTC_b3ec1.dir/build.make CMakeFiles/cmTC_b3ec1.dir/build
make[1]: Entering directory '/media/hawk/work/cocos2d-x/projects/SampleGuide/linux-build/CMakeFiles/CMakeTmp'
Building C object CMakeFiles/cmTC_b3ec1.dir/CheckSymbolExists.c.o
/usr/bin/cc    -std=gnu99 -fPIC    -o CMakeFiles/cmTC_b3ec1.dir/CheckSymbolExists.c.o   -c /media/hawk/work/cocos2d-x/projects/SampleGuide/linux-build/CMakeFiles/CMakeTmp/CheckSymbolExists.c
Linking C executable cmTC_b3ec1
/usr/bin/cmake -E cmake_link_script CMakeFiles/cmTC_b3ec1.dir/link.txt --verbose=1
/usr/bin/cc   -std=gnu99 -fPIC     CMakeFiles/cmTC_b3ec1.dir/CheckSymbolExists.c.o  -o cmTC_b3ec1 -rdynamic 
CMakeFiles/cmTC_b3ec1.dir/CheckSymbolExists.c.o: In function `main':
CheckSymbolExists.c:(.text+0x1b): undefined reference to `pthread_create'
collect2: error: ld returned 1 exit status
CMakeFiles/cmTC_b3ec1.dir/build.make:97: recipe for target 'cmTC_b3ec1' failed
make[1]: *** [cmTC_b3ec1] Error 1
make[1]: Leaving directory '/media/hawk/work/cocos2d-x/projects/SampleGuide/linux-build/CMakeFiles/CMakeTmp'
Makefile:126: recipe for target 'cmTC_b3ec1/fast' failed
make: *** [cmTC_b3ec1/fast] Error 2

File /media/hawk/work/cocos2d-x/projects/SampleGuide/linux-build/CMakeFiles/CMakeTmp/CheckSymbolExists.c:
/* */
#include <pthread.h>

int main(int argc, char** argv)
{
  (void)argv;
#ifndef pthread_create
  return ((int*)(&pthread_create))[argc];
#else
  (void)argc;
  return 0;
#endif
}

Determining if the function pthread_create exists in the pthreads failed with the following output:
Change Dir: /media/hawk/work/cocos2d-x/projects/SampleGuide/linux-build/CMakeFiles/CMakeTmp

Run Build Command:"/usr/bin/make" "cmTC_f15d0/fast"
/usr/bin/make -f CMakeFiles/cmTC_f15d0.dir/build.make CMakeFiles/cmTC_f15d0.dir/build
make[1]: Entering directory '/media/hawk/work/cocos2d-x/projects/SampleGuide/linux-build/CMakeFiles/CMakeTmp'
Building C object CMakeFiles/cmTC_f15d0.dir/CheckFunctionExists.c.o
/usr/bin/cc    -std=gnu99 -fPIC -DCHECK_FUNCTION_EXISTS=pthread_create   -o CMakeFiles/cmTC_f15d0.dir/CheckFunctionExists.c.o   -c /usr/share/cmake-3.5/Modules/CheckFunctionExists.c
Linking C executable cmTC_f15d0
/usr/bin/cmake -E cmake_link_script CMakeFiles/cmTC_f15d0.dir/link.txt --verbose=1
/usr/bin/cc   -std=gnu99 -fPIC -DCHECK_FUNCTION_EXISTS=pthread_create    CMakeFiles/cmTC_f15d0.dir/CheckFunctionExists.c.o  -o cmTC_f15d0 -rdynamic -lpthreads 
/usr/bin/ld: cannot find -lpthreads
collect2: error: ld returned 1 exit status
CMakeFiles/cmTC_f15d0.dir/build.make:97: recipe for target 'cmTC_f15d0' failed
make[1]: *** [cmTC_f15d0] Error 1
make[1]: Leaving directory '/media/hawk/work/cocos2d-x/projects/SampleGuide/linux-build/CMakeFiles/CMakeTmp'
Makefile:126: recipe for target 'cmTC_f15d0/fast' failed
make: *** [cmTC_f15d0/fast] Error 2


